<?xml version="1.0" encoding="UTF-8"?>
<!-- Generated by org.testng.reporters.JUnitReportReporter -->
<testsuite hostname="lenovo-PC" failures="0" tests="1" name="Test.GoDaddyHomePageTest" time="160.136" errors="0" timestamp="2024-07-19T11:17:37 IST" skipped="0">
  <testcase classname="Test.GoDaddyHomePageTest" name="verifyIfUserIsAbleToAccessMenu4" time="160.136"/>
</testsuite> <!-- Test.GoDaddyHomePageTest -->
